<?xml version="1.0" encoding="UTF-8"?>
<!-- Generated by org.testng.reporters.JUnitReportReporter -->
<testsuite hostname="LAPTOP-G5KEBRKS" failures="0" tests="1" name="org.flipkart.addtocart.InsertProductToCart" time="30.783" errors="0" timestamp="2022-09-17T17:49:21 IST" skipped="0">
  <testcase classname="org.flipkart.addtocart.InsertProductToCart" name="insertProductToCart" time="30.783"/>
  <system-out/>
</testsuite> <!-- org.flipkart.addtocart.InsertProductToCart -->
